-- The C compiler identification is GNU 9.4.0
-- The CXX compiler identification is GNU 9.4.0
-- Check for working C compiler: /usr/bin/cc
-- Check for working C compiler: /usr/bin/cc -- works
-- Detecting C compiler ABI info
-- Detecting C compiler ABI info - done
-- Detecting C compile features
-- Detecting C compile features - done
-- Check for working CXX compiler: /usr/bin/c++
-- Check for working CXX compiler: /usr/bin/c++ -- works
-- Detecting CXX compiler ABI info
-- Detecting CXX compiler ABI info - done
-- Detecting CXX compile features
-- Detecting CXX compile features - done
-- Performing Test COMPILER_SUPPORTS_CXX17
-- Performing Test COMPILER_SUPPORTS_CXX17 - Success
-- Performing Test COMPILER_SUPPORTS_CXX14
-- Performing Test COMPILER_SUPPORTS_CXX14 - Success
-- Performing Test COMPILER_SUPPORTS_CXX11
-- Performing Test COMPILER_SUPPORTS_CXX11 - Success
-- Performing Test COMPILER_SUPPORTS_CXX0X
-- Performing Test COMPILER_SUPPORTS_CXX0X - Success
-- Using C++17 compiler
-- Found ament_cmake: 0.9.9 (/opt/ros/foxy/share/ament_cmake/cmake)
-- Found PythonInterp: /usr/bin/python3 (found suitable version "3.8.10", minimum required is "3") 
-- Using PYTHON_EXECUTABLE: /usr/bin/python3
-- Override CMake install command with custom implementation using symlinks instead of copying resources
-- Found builtin_interfaces: 1.0.0 (/opt/ros/foxy/share/builtin_interfaces/cmake)
-- Using all available rosidl_typesupport_c: rosidl_typesupport_fastrtps_c;rosidl_typesupport_introspection_c
-- Found rosidl_adapter: 1.2.1 (/opt/ros/foxy/share/rosidl_adapter/cmake)
-- Found OpenSSL: /usr/lib/x86_64-linux-gnu/libcrypto.so (found version "1.1.1f")  
-- Found FastRTPS: /opt/ros/foxy/include  
-- Using all available rosidl_typesupport_cpp: rosidl_typesupport_fastrtps_cpp;rosidl_typesupport_introspection_cpp
-- Found rclcpp: 2.4.1 (/opt/ros/foxy/share/rclcpp/cmake)
-- Found rmw_implementation_cmake: 1.0.3 (/opt/ros/foxy/share/rmw_implementation_cmake/cmake)
-- Using RMW implementation 'rmw_fastrtps_cpp' as default
-- Looking for pthread.h
-- Looking for pthread.h - found
-- Performing Test CMAKE_HAVE_LIBC_PTHREAD
-- Performing Test CMAKE_HAVE_LIBC_PTHREAD - Failed
-- Looking for pthread_create in pthreads
-- Looking for pthread_create in pthreads - not found
-- Looking for pthread_create in pthread
-- Looking for pthread_create in pthread - found
-- Found Threads: TRUE  
-- Found rmw_fastrtps_cpp: 1.3.0 (/opt/ros/foxy/share/rmw_fastrtps_cpp/cmake)
-- Found px4_msgs: 2.0.1 (/robofuzz/targets/px4_ros_com_ros2/install/px4_msgs/share/px4_msgs/cmake)
-- Found sensor_msgs: 2.0.5 (/opt/ros/foxy/share/sensor_msgs/cmake)
-- Found eigen3_cmake_module: 0.1.1 (/opt/ros/foxy/share/eigen3_cmake_module/cmake)
-- fastrtpsgen found in /usr/local/bin
openjdk version "1.8.0_312"
OpenJDK Runtime Environment (build 1.8.0_312-8u312-b07-0ubuntu1~20.04-b07)
OpenJDK 64-Bit Server VM (build 25.312-b07, mixed mode)
-- fastrtpsgen version 1.0.4
-- px4_msgs message dir under /robofuzz/targets/px4_ros_com_ros2/install/px4_msgs/share/px4_msgs/msg
-- IDL definitions under /robofuzz/targets/px4_ros_com_ros2/install/px4_msgs/share/px4_msgs/msg
-- Retrieving list of msgs to send...
-- List of msgs to send: DebugArray, DebugKeyValue, DebugValue, DebugVect, OffboardControlMode, OpticalFlow, PositionSetpoint, PositionSetpointTriplet, TelemetryStatus, Timesync, VehicleCommand, VehicleLocalPositionSetpoint, VehicleTrajectoryWaypoint, OnboardComputerStatus, TrajectoryBezier, VehicleTrajectoryBezier, VehicleMocapOdometry, VehicleVisualOdometry, TrajectorySetpoint
-- Retrieving list of msgs to receive...
-- List of msgs to receive: ActuatorArmed, ActuatorControls, ActuatorOutputs, BatteryStatus, CollisionReport, SensorGps, InputRc, RcChannels, SatelliteInfo, SensorAccel, SensorBaro, SensorCombined, SensorGyro, SensorsStatusImu, Timesync, TrajectoryWaypoint, VehicleAttitude, VehicleControlMode, VehicleGlobalPosition, VehicleGpsPosition, VehicleLocalPosition, VehicleMagnetometer, VehicleOdometry, VehicleStatus, CollisionConstraints, VehicleAngularVelocity, VehicleAcceleration, VehicleImu, VehicleAngularAcceleration
-- Configuring done
-- Generating done
-- Build files have been written to: /robofuzz/targets/px4_ros_com_ros2/build/px4_ros_com
[35m[1mScanning dependencies of target sensor_combined_listener[0m
[35m[1mScanning dependencies of target offboard_control[0m
[35m[1mScanning dependencies of target debug_vect_advertiser[0m
[35m[1mScanning dependencies of target vehicle_gps_position_listener[0m
[35m[1mScanning dependencies of target frame_transforms[0m
[  1%] [34m[1mGenerating micro-RTPS agent code...[0m
Failed to import genmsg: No module named 'genmsg'

You may need to install it using:
    pip3 install --user pyros-genmsg

make[2]: *** [CMakeFiles/micrortps_agent.dir/build.make:63: /robofuzz/targets/px4_ros_com_ros2/src/px4_ros_com/src/micrortps_agent/microRTPS_agent.cpp] Error 1
make[1]: *** [CMakeFiles/Makefile2:141: CMakeFiles/micrortps_agent.dir/all] Error 2
make[1]: *** Waiting for unfinished jobs....
[  2%] [32mBuilding CXX object CMakeFiles/sensor_combined_listener.dir/src/examples/listeners/sensor_combined_listener.cpp.o[0m
[  3%] [32mBuilding CXX object CMakeFiles/vehicle_gps_position_listener.dir/src/examples/listeners/vehicle_gps_position_listener.cpp.o[0m
[  3%] [32mBuilding CXX object CMakeFiles/offboard_control.dir/src/examples/offboard/offboard_control.cpp.o[0m
[  3%] [32mBuilding CXX object CMakeFiles/debug_vect_advertiser.dir/src/examples/advertisers/debug_vect_advertiser.cpp.o[0m
[  3%] [32mBuilding CXX object CMakeFiles/frame_transforms.dir/src/lib/frame_transforms.cpp.o[0m
[  4%] [32m[1mLinking CXX executable debug_vect_advertiser[0m
[  4%] Built target debug_vect_advertiser
[  4%] [32m[1mLinking CXX executable sensor_combined_listener[0m
[  5%] [32m[1mLinking CXX shared library libframe_transforms.so[0m
[  6%] [32m[1mLinking CXX executable vehicle_gps_position_listener[0m
[  6%] Built target sensor_combined_listener
[  6%] Built target vehicle_gps_position_listener
[  7%] [32m[1mLinking CXX executable offboard_control[0m
[  7%] Built target offboard_control
[  7%] Built target frame_transforms
make: *** [Makefile:141: all] Error 2
