[0.011s] Invoking command in '/robofuzz/targets/px4_ros_com_ros2/build/px4_ros_com': AMENT_PREFIX_PATH=/robofuzz/targets/px4_ros_com_ros2/install/px4_msgs:${AMENT_PREFIX_PATH} CMAKE_PREFIX_PATH=/robofuzz/targets/px4_ros_com_ros2/install/px4_msgs:/opt/ros/foxy LD_LIBRARY_PATH=/robofuzz/targets/px4_ros_com_ros2/install/px4_msgs/lib:${LD_LIBRARY_PATH} PYTHONPATH=/robofuzz/targets/px4_ros_com_ros2/install/px4_msgs/lib/python3.8/site-packages:${PYTHONPATH} /usr/bin/cmake /robofuzz/targets/px4_ros_com_ros2/src/px4_ros_com -DCMAKE_BUILD_TYPE=RELWITHDEBINFO -DAMENT_CMAKE_SYMLINK_INSTALL=1 -DCMAKE_INSTALL_PREFIX=/robofuzz/targets/px4_ros_com_ros2/install/px4_ros_com
[0.060s] -- The C compiler identification is GNU 9.4.0
[0.116s] -- The CXX compiler identification is GNU 9.4.0
[0.122s] -- Check for working C compiler: /usr/bin/cc
[0.192s] -- Check for working C compiler: /usr/bin/cc -- works
[0.193s] -- Detecting C compiler ABI info
[0.260s] -- Detecting C compiler ABI info - done
[0.275s] -- Detecting C compile features
[0.276s] -- Detecting C compile features - done
[0.279s] -- Check for working CXX compiler: /usr/bin/c++
[0.352s] -- Check for working CXX compiler: /usr/bin/c++ -- works
[0.354s] -- Detecting CXX compiler ABI info
[0.431s] -- Detecting CXX compiler ABI info - done
[0.446s] -- Detecting CXX compile features
[0.447s] -- Detecting CXX compile features - done
[0.448s] -- Performing Test COMPILER_SUPPORTS_CXX17
[0.527s] -- Performing Test COMPILER_SUPPORTS_CXX17 - Success
[0.528s] -- Performing Test COMPILER_SUPPORTS_CXX14
[0.606s] -- Performing Test COMPILER_SUPPORTS_CXX14 - Success
[0.607s] -- Performing Test COMPILER_SUPPORTS_CXX11
[0.681s] -- Performing Test COMPILER_SUPPORTS_CXX11 - Success
[0.682s] -- Performing Test COMPILER_SUPPORTS_CXX0X
[0.764s] -- Performing Test COMPILER_SUPPORTS_CXX0X - Success
[0.764s] -- Using C++17 compiler
[0.766s] -- Found ament_cmake: 0.9.9 (/opt/ros/foxy/share/ament_cmake/cmake)
[0.794s] -- Found PythonInterp: /usr/bin/python3 (found suitable version "3.8.10", minimum required is "3") 
[0.794s] -- Using PYTHON_EXECUTABLE: /usr/bin/python3
[1.010s] -- Override CMake install command with custom implementation using symlinks instead of copying resources
[1.038s] -- Found builtin_interfaces: 1.0.0 (/opt/ros/foxy/share/builtin_interfaces/cmake)
[1.076s] -- Using all available rosidl_typesupport_c: rosidl_typesupport_fastrtps_c;rosidl_typesupport_introspection_c
[1.086s] -- Found rosidl_adapter: 1.2.1 (/opt/ros/foxy/share/rosidl_adapter/cmake)
[1.178s] -- Found OpenSSL: /usr/lib/x86_64-linux-gnu/libcrypto.so (found version "1.1.1f")  
[1.225s] -- Found FastRTPS: /opt/ros/foxy/include  
[1.347s] -- Using all available rosidl_typesupport_cpp: rosidl_typesupport_fastrtps_cpp;rosidl_typesupport_introspection_cpp
[1.431s] -- Found rclcpp: 2.4.1 (/opt/ros/foxy/share/rclcpp/cmake)
[1.502s] -- Found rmw_implementation_cmake: 1.0.3 (/opt/ros/foxy/share/rmw_implementation_cmake/cmake)
[1.505s] -- Using RMW implementation 'rmw_fastrtps_cpp' as default
[1.506s] -- Looking for pthread.h
[1.574s] -- Looking for pthread.h - found
[1.575s] -- Performing Test CMAKE_HAVE_LIBC_PTHREAD
[1.651s] -- Performing Test CMAKE_HAVE_LIBC_PTHREAD - Failed
[1.651s] -- Looking for pthread_create in pthreads
[1.711s] -- Looking for pthread_create in pthreads - not found
[1.711s] -- Looking for pthread_create in pthread
[1.781s] -- Looking for pthread_create in pthread - found
[1.783s] -- Found Threads: TRUE  
[2.011s] -- Found rmw_fastrtps_cpp: 1.3.0 (/opt/ros/foxy/share/rmw_fastrtps_cpp/cmake)
[2.180s] -- Found px4_msgs: 2.0.1 (/robofuzz/targets/px4_ros_com_ros2/install/px4_msgs/share/px4_msgs/cmake)
[2.207s] -- Found sensor_msgs: 2.0.5 (/opt/ros/foxy/share/sensor_msgs/cmake)
[2.408s] -- Found eigen3_cmake_module: 0.1.1 (/opt/ros/foxy/share/eigen3_cmake_module/cmake)
[2.411s] -- fastrtpsgen found in /usr/local/bin
[2.462s] openjdk version "1.8.0_312"
[2.463s] OpenJDK Runtime Environment (build 1.8.0_312-8u312-b07-0ubuntu1~20.04-b07)
[2.463s] OpenJDK 64-Bit Server VM (build 25.312-b07, mixed mode)
[2.488s] -- fastrtpsgen version 1.0.4
[2.488s] -- px4_msgs message dir under /robofuzz/targets/px4_ros_com_ros2/install/px4_msgs/share/px4_msgs/msg
[2.489s] -- IDL definitions under /robofuzz/targets/px4_ros_com_ros2/install/px4_msgs/share/px4_msgs/msg
[2.489s] -- Retrieving list of msgs to send...
[2.632s] -- List of msgs to send: DebugArray, DebugKeyValue, DebugValue, DebugVect, OffboardControlMode, OpticalFlow, PositionSetpoint, PositionSetpointTriplet, TelemetryStatus, Timesync, VehicleCommand, VehicleLocalPositionSetpoint, VehicleTrajectoryWaypoint, OnboardComputerStatus, TrajectoryBezier, VehicleTrajectoryBezier, VehicleMocapOdometry, VehicleVisualOdometry, TrajectorySetpoint
[2.632s] -- Retrieving list of msgs to receive...
[2.776s] -- List of msgs to receive: ActuatorArmed, ActuatorControls, ActuatorOutputs, BatteryStatus, CollisionReport, SensorGps, InputRc, RcChannels, SatelliteInfo, SensorAccel, SensorBaro, SensorCombined, SensorGyro, SensorsStatusImu, Timesync, TrajectoryWaypoint, VehicleAttitude, VehicleControlMode, VehicleGlobalPosition, VehicleGpsPosition, VehicleLocalPosition, VehicleMagnetometer, VehicleOdometry, VehicleStatus, CollisionConstraints, VehicleAngularVelocity, VehicleAcceleration, VehicleImu, VehicleAngularAcceleration
[2.879s] -- Configuring done
[3.091s] -- Generating done
[3.093s] -- Build files have been written to: /robofuzz/targets/px4_ros_com_ros2/build/px4_ros_com
[3.103s] Invoked command in '/robofuzz/targets/px4_ros_com_ros2/build/px4_ros_com' returned '0': AMENT_PREFIX_PATH=/robofuzz/targets/px4_ros_com_ros2/install/px4_msgs:${AMENT_PREFIX_PATH} CMAKE_PREFIX_PATH=/robofuzz/targets/px4_ros_com_ros2/install/px4_msgs:/opt/ros/foxy LD_LIBRARY_PATH=/robofuzz/targets/px4_ros_com_ros2/install/px4_msgs/lib:${LD_LIBRARY_PATH} PYTHONPATH=/robofuzz/targets/px4_ros_com_ros2/install/px4_msgs/lib/python3.8/site-packages:${PYTHONPATH} /usr/bin/cmake /robofuzz/targets/px4_ros_com_ros2/src/px4_ros_com -DCMAKE_BUILD_TYPE=RELWITHDEBINFO -DAMENT_CMAKE_SYMLINK_INSTALL=1 -DCMAKE_INSTALL_PREFIX=/robofuzz/targets/px4_ros_com_ros2/install/px4_ros_com
[3.106s] Invoking command in '/robofuzz/targets/px4_ros_com_ros2/build/px4_ros_com': AMENT_PREFIX_PATH=/robofuzz/targets/px4_ros_com_ros2/install/px4_msgs:${AMENT_PREFIX_PATH} CMAKE_PREFIX_PATH=/robofuzz/targets/px4_ros_com_ros2/install/px4_msgs:/opt/ros/foxy LD_LIBRARY_PATH=/robofuzz/targets/px4_ros_com_ros2/install/px4_msgs/lib:${LD_LIBRARY_PATH} PYTHONPATH=/robofuzz/targets/px4_ros_com_ros2/install/px4_msgs/lib/python3.8/site-packages:${PYTHONPATH} /usr/bin/cmake --build /robofuzz/targets/px4_ros_com_ros2/build/px4_ros_com -- -j12 -l12
[3.154s] [35m[1mScanning dependencies of target sensor_combined_listener[0m
[3.155s] [35m[1mScanning dependencies of target offboard_control[0m
[3.155s] [35m[1mScanning dependencies of target debug_vect_advertiser[0m
[3.155s] [35m[1mScanning dependencies of target vehicle_gps_position_listener[0m
[3.155s] [35m[1mScanning dependencies of target frame_transforms[0m
[3.159s] [  1%] [34m[1mGenerating micro-RTPS agent code...[0m
[3.223s] Failed to import genmsg: No module named 'genmsg'
[3.223s] 
[3.224s] You may need to install it using:
[3.224s]     pip3 install --user pyros-genmsg
[3.224s] 
[3.231s] make[2]: *** [CMakeFiles/micrortps_agent.dir/build.make:63: /robofuzz/targets/px4_ros_com_ros2/src/px4_ros_com/src/micrortps_agent/microRTPS_agent.cpp] Error 1
[3.231s] make[1]: *** [CMakeFiles/Makefile2:141: CMakeFiles/micrortps_agent.dir/all] Error 2
[3.232s] make[1]: *** Waiting for unfinished jobs....
[3.245s] [  2%] [32mBuilding CXX object CMakeFiles/sensor_combined_listener.dir/src/examples/listeners/sensor_combined_listener.cpp.o[0m
[3.247s] [  3%] [32mBuilding CXX object CMakeFiles/vehicle_gps_position_listener.dir/src/examples/listeners/vehicle_gps_position_listener.cpp.o[0m
[3.248s] [  3%] [32mBuilding CXX object CMakeFiles/offboard_control.dir/src/examples/offboard/offboard_control.cpp.o[0m
[3.251s] [  3%] [32mBuilding CXX object CMakeFiles/debug_vect_advertiser.dir/src/examples/advertisers/debug_vect_advertiser.cpp.o[0m
[3.281s] [  3%] [32mBuilding CXX object CMakeFiles/frame_transforms.dir/src/lib/frame_transforms.cpp.o[0m
[10.809s] [  4%] [32m[1mLinking CXX executable debug_vect_advertiser[0m
[11.065s] [  4%] Built target debug_vect_advertiser
[15.833s] [  4%] [32m[1mLinking CXX executable sensor_combined_listener[0m
[15.896s] [  5%] [32m[1mLinking CXX shared library libframe_transforms.so[0m
[15.944s] [  6%] [32m[1mLinking CXX executable vehicle_gps_position_listener[0m
[16.109s] [  6%] Built target sensor_combined_listener
[16.224s] [  6%] Built target vehicle_gps_position_listener
[20.151s] [  7%] [32m[1mLinking CXX executable offboard_control[0m
[20.408s] [  7%] Built target offboard_control
[58.576s] [  7%] Built target frame_transforms
[58.577s] make: *** [Makefile:141: all] Error 2
[58.579s] Invoked command in '/robofuzz/targets/px4_ros_com_ros2/build/px4_ros_com' returned '2': AMENT_PREFIX_PATH=/robofuzz/targets/px4_ros_com_ros2/install/px4_msgs:${AMENT_PREFIX_PATH} CMAKE_PREFIX_PATH=/robofuzz/targets/px4_ros_com_ros2/install/px4_msgs:/opt/ros/foxy LD_LIBRARY_PATH=/robofuzz/targets/px4_ros_com_ros2/install/px4_msgs/lib:${LD_LIBRARY_PATH} PYTHONPATH=/robofuzz/targets/px4_ros_com_ros2/install/px4_msgs/lib/python3.8/site-packages:${PYTHONPATH} /usr/bin/cmake --build /robofuzz/targets/px4_ros_com_ros2/build/px4_ros_com -- -j12 -l12
